{DEBUG} [2013-11-28 20:20:37,401] <org.androidpn.server.xmpp.XmppServer> : base.dir=..
{DEBUG} [2013-11-28 20:20:37,446] <org.apache.commons.configuration.ConfigurationUtils> : ConfigurationUtils.locate(): base is C:\Users\renlikun\Documents\GitHub\androidpn\androidpn-server-src\server\src\main\bin, name is config.xml
{DEBUG} [2013-11-28 20:20:37,452] <org.apache.commons.configuration.ConfigurationUtils> : Loading configuration from the context classpath (config.xml)
{DEBUG} [2013-11-28 20:20:37,686] <org.apache.commons.configuration.ConfigurationUtils> : ConfigurationUtils.locate(): base is C:\Users\renlikun\Documents\GitHub\androidpn\androidpn-server-src\server\src\main\bin, name is config.properties
{DEBUG} [2013-11-28 20:20:37,688] <org.apache.commons.configuration.ConfigurationUtils> : Loading configuration from the context classpath (config.properties)
{INFO } [2013-11-28 20:20:37,730] <org.androidpn.server.util.ConfigManager> : Configuration loaded: config.xml
{DEBUG} [2013-11-28 20:20:37,731] <org.androidpn.server.xmpp.XmppServer> : server.home.dir=C:\Users\renlikun\Documents\GitHub\androidpn\androidpn-server-src\server\src\main
{INFO } [2013-11-28 20:20:37,863] <org.springframework.context.support.ClassPathXmlApplicationContext> : Refreshing org.springframework.context.support.ClassPathXmlApplicationContext@7a1576: display name [org.springframework.context.support.ClassPathXmlApplicationContext@7a1576]; startup date [Thu Nov 28 20:20:37 CST 2013]; root of context hierarchy
{INFO } [2013-11-28 20:20:37,967] <org.springframework.beans.factory.xml.XmlBeanDefinitionReader> : Loading XML bean definitions from class path resource [spring-config.xml]
{INFO } [2013-11-28 20:20:38,349] <org.springframework.context.support.ClassPathXmlApplicationContext> : Bean factory for application context [org.springframework.context.support.ClassPathXmlApplicationContext@7a1576]: org.springframework.beans.factory.support.DefaultListableBeanFactory@f593af
{INFO } [2013-11-28 20:20:38,649] <org.springframework.beans.factory.config.PropertyPlaceholderConfigurer> : Loading properties file from class path resource [jdbc.properties]
{INFO } [2013-11-28 20:20:38,683] <org.springframework.beans.factory.support.DefaultListableBeanFactory> : Pre-instantiating singletons in org.springframework.beans.factory.support.DefaultListableBeanFactory@f593af: defining beans [propertyConfigurer,dataSource,sessionFactory,transactionManager,userDao,userService,org.springframework.beans.factory.config.CustomEditorConfigurer#0,xmppHandler,filterChainBuilder,ioAcceptor]; root of factory hierarchy
{INFO } [2013-11-28 20:20:39,027] <org.hibernate.cfg.annotations.Version> : Hibernate Annotations 3.4.0.GA
{INFO } [2013-11-28 20:20:39,067] <org.hibernate.cfg.Environment> : Hibernate 3.3.1.GA
{INFO } [2013-11-28 20:20:39,083] <org.hibernate.cfg.Environment> : hibernate.properties not found
{INFO } [2013-11-28 20:20:39,087] <org.hibernate.cfg.Environment> : Bytecode provider name : javassist
{INFO } [2013-11-28 20:20:39,092] <org.hibernate.cfg.Environment> : using JDK 1.4 java.sql.Timestamp handling
{INFO } [2013-11-28 20:20:39,183] <org.hibernate.annotations.common.Version> : Hibernate Commons Annotations 3.1.0.GA
{INFO } [2013-11-28 20:20:39,206] <org.hibernate.cfg.Configuration> : configuring from url: file:/C:/Users/renlikun/Documents/GitHub/androidpn/androidpn-server-src/server/src/main/conf/hibernate.cfg.xml
{INFO } [2013-11-28 20:20:39,304] <org.hibernate.cfg.Configuration> : Configured SessionFactory: null
{INFO } [2013-11-28 20:20:39,517] <org.hibernate.cfg.AnnotationBinder> : Binding entity from annotated class: org.androidpn.server.model.User
{INFO } [2013-11-28 20:20:39,575] <org.hibernate.cfg.annotations.EntityBinder> : Bind entity org.androidpn.server.model.User on table apn_user
{INFO } [2013-11-28 20:20:39,644] <org.hibernate.cfg.AnnotationConfiguration> : Hibernate Validator not found: ignoring
{INFO } [2013-11-28 20:20:39,644] <org.springframework.orm.hibernate3.annotation.AnnotationSessionFactoryBean> : Building new Hibernate SessionFactory
{INFO } [2013-11-28 20:20:39,649] <org.hibernate.cfg.search.HibernateSearchEventListenerRegister> : Unable to find org.hibernate.search.event.FullTextIndexEventListener on the classpath. Hibernate Search is not enabled.
{INFO } [2013-11-28 20:20:39,784] <org.hibernate.connection.ConnectionProviderFactory> : Initializing connection provider: org.springframework.orm.hibernate3.LocalDataSourceConnectionProvider
{INFO } [2013-11-28 20:20:40,165] <org.hibernate.cfg.SettingsFactory> : RDBMS: HSQL Database Engine, version: 1.8.0
{INFO } [2013-11-28 20:20:40,165] <org.hibernate.cfg.SettingsFactory> : JDBC driver: HSQL Database Engine Driver, version: 1.8.0
{INFO } [2013-11-28 20:20:40,225] <org.hibernate.dialect.Dialect> : Using dialect: org.hibernate.dialect.HSQLDialect
{INFO } [2013-11-28 20:20:40,231] <org.hibernate.transaction.TransactionFactoryFactory> : Transaction strategy: org.springframework.orm.hibernate3.SpringTransactionFactory
{INFO } [2013-11-28 20:20:40,233] <org.hibernate.transaction.TransactionManagerLookupFactory> : No TransactionManagerLookup configured (in JTA environment, use of read-write or transactional second-level cache is not recommended)
{INFO } [2013-11-28 20:20:40,233] <org.hibernate.cfg.SettingsFactory> : Automatic flush during beforeCompletion(): disabled
{INFO } [2013-11-28 20:20:40,234] <org.hibernate.cfg.SettingsFactory> : Automatic session close at end of transaction: disabled
{INFO } [2013-11-28 20:20:40,235] <org.hibernate.cfg.SettingsFactory> : JDBC batch size: 15
{INFO } [2013-11-28 20:20:40,236] <org.hibernate.cfg.SettingsFactory> : JDBC batch updates for versioned data: disabled
{INFO } [2013-11-28 20:20:40,265] <org.hibernate.cfg.SettingsFactory> : Scrollable result sets: enabled
{INFO } [2013-11-28 20:20:40,265] <org.hibernate.cfg.SettingsFactory> : JDBC3 getGeneratedKeys(): disabled
{INFO } [2013-11-28 20:20:40,266] <org.hibernate.cfg.SettingsFactory> : Connection release mode: auto
{INFO } [2013-11-28 20:20:40,268] <org.hibernate.cfg.SettingsFactory> : Default batch fetch size: 1
{INFO } [2013-11-28 20:20:40,269] <org.hibernate.cfg.SettingsFactory> : Generate SQL with comments: enabled
{INFO } [2013-11-28 20:20:40,270] <org.hibernate.cfg.SettingsFactory> : Order SQL updates by primary key: disabled
{INFO } [2013-11-28 20:20:40,271] <org.hibernate.cfg.SettingsFactory> : Order SQL inserts for batching: disabled
{INFO } [2013-11-28 20:20:40,272] <org.hibernate.cfg.SettingsFactory> : Query translator: org.hibernate.hql.ast.ASTQueryTranslatorFactory
{INFO } [2013-11-28 20:20:40,276] <org.hibernate.hql.ast.ASTQueryTranslatorFactory> : Using ASTQueryTranslatorFactory
{INFO } [2013-11-28 20:20:40,276] <org.hibernate.cfg.SettingsFactory> : Query language substitutions: {}
{INFO } [2013-11-28 20:20:40,277] <org.hibernate.cfg.SettingsFactory> : JPA-QL strict compliance: disabled
{INFO } [2013-11-28 20:20:40,278] <org.hibernate.cfg.SettingsFactory> : Second-level cache: enabled
{INFO } [2013-11-28 20:20:40,279] <org.hibernate.cfg.SettingsFactory> : Query cache: disabled
{INFO } [2013-11-28 20:20:40,286] <org.hibernate.cfg.SettingsFactory> : Cache region factory : org.hibernate.cache.impl.bridge.RegionFactoryCacheProviderBridge
{INFO } [2013-11-28 20:20:40,287] <org.hibernate.cache.impl.bridge.RegionFactoryCacheProviderBridge> : Cache provider: net.sf.ehcache.hibernate.EhCacheProvider
{INFO } [2013-11-28 20:20:40,361] <org.hibernate.cfg.SettingsFactory> : Optimize cache for minimal puts: disabled
{INFO } [2013-11-28 20:20:40,361] <org.hibernate.cfg.SettingsFactory> : Structured second-level cache entries: disabled
{INFO } [2013-11-28 20:20:40,380] <org.hibernate.cfg.SettingsFactory> : Statistics: disabled
{INFO } [2013-11-28 20:20:40,380] <org.hibernate.cfg.SettingsFactory> : Deleted entity synthetic identifier rollback: disabled
{INFO } [2013-11-28 20:20:40,386] <org.hibernate.cfg.SettingsFactory> : Default entity-mode: pojo
{INFO } [2013-11-28 20:20:40,386] <org.hibernate.cfg.SettingsFactory> : Named query checking : enabled
{INFO } [2013-11-28 20:20:40,531] <org.hibernate.impl.SessionFactoryImpl> : building session factory
{INFO } [2013-11-28 20:20:41,000] <org.hibernate.impl.SessionFactoryObjectFactory> : Not binding factory to JNDI, no JNDI name configured
{INFO } [2013-11-28 20:20:41,009] <org.hibernate.tool.hbm2ddl.SchemaUpdate> : Running hbm2ddl schema update
{INFO } [2013-11-28 20:20:41,010] <org.hibernate.tool.hbm2ddl.SchemaUpdate> : fetching database metadata
{INFO } [2013-11-28 20:20:41,079] <org.hibernate.tool.hbm2ddl.SchemaUpdate> : updating schema
{INFO } [2013-11-28 20:20:41,106] <org.hibernate.tool.hbm2ddl.DatabaseMetadata> : table not found: apn_user
{INFO } [2013-11-28 20:20:41,109] <org.hibernate.tool.hbm2ddl.DatabaseMetadata> : table not found: apn_user
{INFO } [2013-11-28 20:20:41,114] <org.hibernate.tool.hbm2ddl.SchemaUpdate> : schema update complete
{INFO } [2013-11-28 20:20:41,179] <org.springframework.orm.hibernate3.HibernateTransactionManager> : Using DataSource [org.apache.commons.dbcp.BasicDataSource@1f243d1] of Hibernate SessionFactory for HibernateTransactionManager
{DEBUG} [2013-11-28 20:20:41,432] <org.apache.mina.core.filterchain.DefaultIoFilterChainBuilder> : LinkedHashMap is an ordered map.
{INFO } [2013-11-28 20:20:41,484] <org.androidpn.server.xmpp.XmppServer> : Spring Configuration loaded.
{INFO } [2013-11-28 20:20:41,761] <org.mortbay.log> : Logging to org.slf4j.impl.Log4jLoggerAdapter(org.mortbay.log) via org.mortbay.log.Slf4jLog
{INFO } [2013-11-28 20:20:41,769] <org.mortbay.log> : jetty-6.1.25
{WARN } [2013-11-28 20:20:41,814] <org.mortbay.log> : Web application not found C:\Users\renlikun\Documents\GitHub\androidpn\androidpn-server-src\server\src\main\console
{WARN } [2013-11-28 20:20:41,816] <org.mortbay.log> : Failed startup of context org.mortbay.jetty.webapp.WebAppContext@13c33b7{/,C:\Users\renlikun\Documents\GitHub\androidpn\androidpn-server-src\server\src\main\console}
java.io.FileNotFoundException: C:\Users\renlikun\Documents\GitHub\androidpn\androidpn-server-src\server\src\main\console
	at org.mortbay.jetty.webapp.WebAppContext.resolveWebApp(WebAppContext.java:987)
	at org.mortbay.jetty.webapp.WebAppContext.getWebInf(WebAppContext.java:822)
	at org.mortbay.jetty.webapp.WebInfConfiguration.configureClassLoader(WebInfConfiguration.java:62)
	at org.mortbay.jetty.webapp.WebAppContext.doStart(WebAppContext.java:479)
	at org.mortbay.component.AbstractLifeCycle.start(AbstractLifeCycle.java:50)
	at org.mortbay.jetty.handler.HandlerCollection.doStart(HandlerCollection.java:152)
	at org.mortbay.jetty.handler.ContextHandlerCollection.doStart(ContextHandlerCollection.java:156)
	at org.mortbay.component.AbstractLifeCycle.start(AbstractLifeCycle.java:50)
	at org.mortbay.jetty.handler.HandlerCollection.doStart(HandlerCollection.java:152)
	at org.mortbay.component.AbstractLifeCycle.start(AbstractLifeCycle.java:50)
	at org.mortbay.jetty.handler.HandlerWrapper.doStart(HandlerWrapper.java:130)
	at org.mortbay.jetty.Server.doStart(Server.java:224)
	at org.mortbay.component.AbstractLifeCycle.start(AbstractLifeCycle.java:50)
	at org.androidpn.server.container.AdminConsole.startup(AdminConsole.java:93)
	at org.androidpn.server.xmpp.XmppServer.start(XmppServer.java:95)
	at org.androidpn.server.xmpp.XmppServer.<init>(XmppServer.java:76)
	at sun.reflect.NativeConstructorAccessorImpl.newInstance0(Native Method)
	at sun.reflect.NativeConstructorAccessorImpl.newInstance(NativeConstructorAccessorImpl.java:39)
	at sun.reflect.DelegatingConstructorAccessorImpl.newInstance(DelegatingConstructorAccessorImpl.java:27)
	at java.lang.reflect.Constructor.newInstance(Constructor.java:513)
	at java.lang.Class.newInstance0(Class.java:355)
	at java.lang.Class.newInstance(Class.java:308)
	at org.androidpn.server.starter.ServerStarter.start(ServerStarter.java:82)
	at org.androidpn.server.starter.ServerStarter.main(ServerStarter.java:48)
{WARN } [2013-11-28 20:20:41,831] <org.mortbay.log> : failed SelectChannelConnector@10.62.1.226:7070: java.net.BindException: Cannot assign requested address: bind
{WARN } [2013-11-28 20:20:41,832] <org.mortbay.log> : failed Server@a937cd: java.net.BindException: Cannot assign requested address: bind
{ERROR} [2013-11-28 20:20:41,834] <org.androidpn.server.container.AdminConsole> : Could not start admin conosle server
java.net.BindException: Cannot assign requested address: bind
	at sun.nio.ch.Net.bind(Native Method)
	at sun.nio.ch.ServerSocketChannelImpl.bind(ServerSocketChannelImpl.java:119)
	at sun.nio.ch.ServerSocketAdaptor.bind(ServerSocketAdaptor.java:59)
	at org.mortbay.jetty.nio.SelectChannelConnector.open(SelectChannelConnector.java:216)
	at org.mortbay.jetty.nio.SelectChannelConnector.doStart(SelectChannelConnector.java:315)
	at org.mortbay.component.AbstractLifeCycle.start(AbstractLifeCycle.java:50)
	at org.mortbay.jetty.Server.doStart(Server.java:235)
	at org.mortbay.component.AbstractLifeCycle.start(AbstractLifeCycle.java:50)
	at org.androidpn.server.container.AdminConsole.startup(AdminConsole.java:93)
	at org.androidpn.server.xmpp.XmppServer.start(XmppServer.java:95)
	at org.androidpn.server.xmpp.XmppServer.<init>(XmppServer.java:76)
	at sun.reflect.NativeConstructorAccessorImpl.newInstance0(Native Method)
	at sun.reflect.NativeConstructorAccessorImpl.newInstance(NativeConstructorAccessorImpl.java:39)
	at sun.reflect.DelegatingConstructorAccessorImpl.newInstance(DelegatingConstructorAccessorImpl.java:27)
	at java.lang.reflect.Constructor.newInstance(Constructor.java:513)
	at java.lang.Class.newInstance0(Class.java:355)
	at java.lang.Class.newInstance(Class.java:308)
	at org.androidpn.server.starter.ServerStarter.start(ServerStarter.java:82)
	at org.androidpn.server.starter.ServerStarter.main(ServerStarter.java:48)
{INFO } [2013-11-28 20:20:41,840] <org.androidpn.server.xmpp.XmppServer> : XmppServer started: 127.0.0.1
{INFO } [2013-11-28 20:20:41,841] <org.androidpn.server.xmpp.XmppServer> : Androidpn Server v0.5.0
{DEBUG} [2013-11-28 20:28:59,643] <org.androidpn.server.xmpp.XmppServer> : base.dir=..
{DEBUG} [2013-11-28 20:28:59,682] <org.apache.commons.configuration.ConfigurationUtils> : ConfigurationUtils.locate(): base is C:\Users\renlikun\Documents\GitHub\androidpn\androidpn-server-src\server\src\main\bin, name is config.xml
{DEBUG} [2013-11-28 20:28:59,689] <org.apache.commons.configuration.ConfigurationUtils> : Loading configuration from the context classpath (config.xml)
{DEBUG} [2013-11-28 20:29:00,064] <org.apache.commons.configuration.ConfigurationUtils> : ConfigurationUtils.locate(): base is C:\Users\renlikun\Documents\GitHub\androidpn\androidpn-server-src\server\src\main\bin, name is config.properties
{DEBUG} [2013-11-28 20:29:00,065] <org.apache.commons.configuration.ConfigurationUtils> : Loading configuration from the context classpath (config.properties)
{INFO } [2013-11-28 20:29:00,112] <org.androidpn.server.util.ConfigManager> : Configuration loaded: config.xml
{DEBUG} [2013-11-28 20:29:00,113] <org.androidpn.server.xmpp.XmppServer> : server.home.dir=C:\Users\renlikun\Documents\GitHub\androidpn\androidpn-server-src\server\src\main
{INFO } [2013-11-28 20:29:00,172] <org.springframework.context.support.ClassPathXmlApplicationContext> : Refreshing org.springframework.context.support.ClassPathXmlApplicationContext@9980d5: display name [org.springframework.context.support.ClassPathXmlApplicationContext@9980d5]; startup date [Thu Nov 28 20:29:00 CST 2013]; root of context hierarchy
{INFO } [2013-11-28 20:29:00,289] <org.springframework.beans.factory.xml.XmlBeanDefinitionReader> : Loading XML bean definitions from class path resource [spring-config.xml]
{INFO } [2013-11-28 20:29:00,678] <org.springframework.context.support.ClassPathXmlApplicationContext> : Bean factory for application context [org.springframework.context.support.ClassPathXmlApplicationContext@9980d5]: org.springframework.beans.factory.support.DefaultListableBeanFactory@187c55c
{INFO } [2013-11-28 20:29:00,751] <org.springframework.beans.factory.config.PropertyPlaceholderConfigurer> : Loading properties file from class path resource [jdbc.properties]
{INFO } [2013-11-28 20:29:00,769] <org.springframework.beans.factory.support.DefaultListableBeanFactory> : Pre-instantiating singletons in org.springframework.beans.factory.support.DefaultListableBeanFactory@187c55c: defining beans [propertyConfigurer,dataSource,sessionFactory,transactionManager,userDao,userService,org.springframework.beans.factory.config.CustomEditorConfigurer#0,xmppHandler,filterChainBuilder,ioAcceptor]; root of factory hierarchy
{INFO } [2013-11-28 20:29:00,856] <org.hibernate.cfg.annotations.Version> : Hibernate Annotations 3.4.0.GA
{INFO } [2013-11-28 20:29:00,867] <org.hibernate.cfg.Environment> : Hibernate 3.3.1.GA
{INFO } [2013-11-28 20:29:00,871] <org.hibernate.cfg.Environment> : hibernate.properties not found
{INFO } [2013-11-28 20:29:00,875] <org.hibernate.cfg.Environment> : Bytecode provider name : javassist
{INFO } [2013-11-28 20:29:00,879] <org.hibernate.cfg.Environment> : using JDK 1.4 java.sql.Timestamp handling
{INFO } [2013-11-28 20:29:00,940] <org.hibernate.annotations.common.Version> : Hibernate Commons Annotations 3.1.0.GA
{INFO } [2013-11-28 20:29:00,945] <org.hibernate.cfg.Configuration> : configuring from url: file:/C:/Users/renlikun/Documents/GitHub/androidpn/androidpn-server-src/server/src/main/conf/hibernate.cfg.xml
{INFO } [2013-11-28 20:29:01,032] <org.hibernate.cfg.Configuration> : Configured SessionFactory: null
{INFO } [2013-11-28 20:29:01,109] <org.hibernate.cfg.AnnotationBinder> : Binding entity from annotated class: org.androidpn.server.model.User
{INFO } [2013-11-28 20:29:01,148] <org.hibernate.cfg.annotations.EntityBinder> : Bind entity org.androidpn.server.model.User on table apn_user
{INFO } [2013-11-28 20:29:01,199] <org.hibernate.cfg.AnnotationConfiguration> : Hibernate Validator not found: ignoring
{INFO } [2013-11-28 20:29:01,199] <org.springframework.orm.hibernate3.annotation.AnnotationSessionFactoryBean> : Building new Hibernate SessionFactory
{INFO } [2013-11-28 20:29:01,204] <org.hibernate.cfg.search.HibernateSearchEventListenerRegister> : Unable to find org.hibernate.search.event.FullTextIndexEventListener on the classpath. Hibernate Search is not enabled.
{INFO } [2013-11-28 20:29:01,256] <org.hibernate.connection.ConnectionProviderFactory> : Initializing connection provider: org.springframework.orm.hibernate3.LocalDataSourceConnectionProvider
{INFO } [2013-11-28 20:29:01,616] <org.hibernate.cfg.SettingsFactory> : RDBMS: HSQL Database Engine, version: 1.8.0
{INFO } [2013-11-28 20:29:01,617] <org.hibernate.cfg.SettingsFactory> : JDBC driver: HSQL Database Engine Driver, version: 1.8.0
{INFO } [2013-11-28 20:29:01,632] <org.hibernate.dialect.Dialect> : Using dialect: org.hibernate.dialect.HSQLDialect
{INFO } [2013-11-28 20:29:01,637] <org.hibernate.transaction.TransactionFactoryFactory> : Transaction strategy: org.springframework.orm.hibernate3.SpringTransactionFactory
{INFO } [2013-11-28 20:29:01,639] <org.hibernate.transaction.TransactionManagerLookupFactory> : No TransactionManagerLookup configured (in JTA environment, use of read-write or transactional second-level cache is not recommended)
{INFO } [2013-11-28 20:29:01,640] <org.hibernate.cfg.SettingsFactory> : Automatic flush during beforeCompletion(): disabled
{INFO } [2013-11-28 20:29:01,641] <org.hibernate.cfg.SettingsFactory> : Automatic session close at end of transaction: disabled
{INFO } [2013-11-28 20:29:01,642] <org.hibernate.cfg.SettingsFactory> : JDBC batch size: 15
{INFO } [2013-11-28 20:29:01,643] <org.hibernate.cfg.SettingsFactory> : JDBC batch updates for versioned data: disabled
{INFO } [2013-11-28 20:29:01,645] <org.hibernate.cfg.SettingsFactory> : Scrollable result sets: enabled
{INFO } [2013-11-28 20:29:01,645] <org.hibernate.cfg.SettingsFactory> : JDBC3 getGeneratedKeys(): disabled
{INFO } [2013-11-28 20:29:01,646] <org.hibernate.cfg.SettingsFactory> : Connection release mode: auto
{INFO } [2013-11-28 20:29:01,648] <org.hibernate.cfg.SettingsFactory> : Default batch fetch size: 1
{INFO } [2013-11-28 20:29:01,648] <org.hibernate.cfg.SettingsFactory> : Generate SQL with comments: enabled
{INFO } [2013-11-28 20:29:01,649] <org.hibernate.cfg.SettingsFactory> : Order SQL updates by primary key: disabled
{INFO } [2013-11-28 20:29:01,650] <org.hibernate.cfg.SettingsFactory> : Order SQL inserts for batching: disabled
{INFO } [2013-11-28 20:29:01,651] <org.hibernate.cfg.SettingsFactory> : Query translator: org.hibernate.hql.ast.ASTQueryTranslatorFactory
{INFO } [2013-11-28 20:29:01,654] <org.hibernate.hql.ast.ASTQueryTranslatorFactory> : Using ASTQueryTranslatorFactory
{INFO } [2013-11-28 20:29:01,655] <org.hibernate.cfg.SettingsFactory> : Query language substitutions: {}
{INFO } [2013-11-28 20:29:01,655] <org.hibernate.cfg.SettingsFactory> : JPA-QL strict compliance: disabled
{INFO } [2013-11-28 20:29:01,656] <org.hibernate.cfg.SettingsFactory> : Second-level cache: enabled
{INFO } [2013-11-28 20:29:01,657] <org.hibernate.cfg.SettingsFactory> : Query cache: disabled
{INFO } [2013-11-28 20:29:01,663] <org.hibernate.cfg.SettingsFactory> : Cache region factory : org.hibernate.cache.impl.bridge.RegionFactoryCacheProviderBridge
{INFO } [2013-11-28 20:29:01,663] <org.hibernate.cache.impl.bridge.RegionFactoryCacheProviderBridge> : Cache provider: net.sf.ehcache.hibernate.EhCacheProvider
{INFO } [2013-11-28 20:29:01,668] <org.hibernate.cfg.SettingsFactory> : Optimize cache for minimal puts: disabled
{INFO } [2013-11-28 20:29:01,668] <org.hibernate.cfg.SettingsFactory> : Structured second-level cache entries: disabled
{INFO } [2013-11-28 20:29:01,676] <org.hibernate.cfg.SettingsFactory> : Statistics: disabled
{INFO } [2013-11-28 20:29:01,676] <org.hibernate.cfg.SettingsFactory> : Deleted entity synthetic identifier rollback: disabled
{INFO } [2013-11-28 20:29:01,678] <org.hibernate.cfg.SettingsFactory> : Default entity-mode: pojo
{INFO } [2013-11-28 20:29:01,678] <org.hibernate.cfg.SettingsFactory> : Named query checking : enabled
{INFO } [2013-11-28 20:29:01,727] <org.hibernate.impl.SessionFactoryImpl> : building session factory
{INFO } [2013-11-28 20:29:02,055] <org.hibernate.impl.SessionFactoryObjectFactory> : Not binding factory to JNDI, no JNDI name configured
{INFO } [2013-11-28 20:29:02,069] <org.hibernate.tool.hbm2ddl.SchemaUpdate> : Running hbm2ddl schema update
{INFO } [2013-11-28 20:29:02,070] <org.hibernate.tool.hbm2ddl.SchemaUpdate> : fetching database metadata
{INFO } [2013-11-28 20:29:02,082] <org.hibernate.tool.hbm2ddl.SchemaUpdate> : updating schema
{INFO } [2013-11-28 20:29:02,140] <org.hibernate.tool.hbm2ddl.TableMetadata> : table found: PUBLIC.APN_USER
{INFO } [2013-11-28 20:29:02,141] <org.hibernate.tool.hbm2ddl.TableMetadata> : columns: [created_date, id, username, updated_date, email, name, password]
{INFO } [2013-11-28 20:29:02,141] <org.hibernate.tool.hbm2ddl.TableMetadata> : foreign keys: []
{INFO } [2013-11-28 20:29:02,142] <org.hibernate.tool.hbm2ddl.TableMetadata> : indexes: [sys_idx_sys_ct_46_49, sys_idx_47]
{INFO } [2013-11-28 20:29:02,143] <org.hibernate.tool.hbm2ddl.SchemaUpdate> : schema update complete
{INFO } [2013-11-28 20:29:02,198] <org.springframework.orm.hibernate3.HibernateTransactionManager> : Using DataSource [org.apache.commons.dbcp.BasicDataSource@767286] of Hibernate SessionFactory for HibernateTransactionManager
{DEBUG} [2013-11-28 20:29:02,328] <org.apache.mina.core.filterchain.DefaultIoFilterChainBuilder> : LinkedHashMap is an ordered map.
{INFO } [2013-11-28 20:29:02,468] <org.androidpn.server.xmpp.XmppServer> : Spring Configuration loaded.
{INFO } [2013-11-28 20:29:02,575] <org.mortbay.log> : Logging to org.slf4j.impl.Log4jLoggerAdapter(org.mortbay.log) via org.mortbay.log.Slf4jLog
{INFO } [2013-11-28 20:29:02,582] <org.mortbay.log> : jetty-6.1.25
{WARN } [2013-11-28 20:29:02,623] <org.mortbay.log> : Web application not found C:\Users\renlikun\Documents\GitHub\androidpn\androidpn-server-src\server\src\main\console
{WARN } [2013-11-28 20:29:02,626] <org.mortbay.log> : Failed startup of context org.mortbay.jetty.webapp.WebAppContext@c4afc4{/,C:\Users\renlikun\Documents\GitHub\androidpn\androidpn-server-src\server\src\main\console}
java.io.FileNotFoundException: C:\Users\renlikun\Documents\GitHub\androidpn\androidpn-server-src\server\src\main\console
	at org.mortbay.jetty.webapp.WebAppContext.resolveWebApp(WebAppContext.java:987)
	at org.mortbay.jetty.webapp.WebAppContext.getWebInf(WebAppContext.java:822)
	at org.mortbay.jetty.webapp.WebInfConfiguration.configureClassLoader(WebInfConfiguration.java:62)
	at org.mortbay.jetty.webapp.WebAppContext.doStart(WebAppContext.java:479)
	at org.mortbay.component.AbstractLifeCycle.start(AbstractLifeCycle.java:50)
	at org.mortbay.jetty.handler.HandlerCollection.doStart(HandlerCollection.java:152)
	at org.mortbay.jetty.handler.ContextHandlerCollection.doStart(ContextHandlerCollection.java:156)
	at org.mortbay.component.AbstractLifeCycle.start(AbstractLifeCycle.java:50)
	at org.mortbay.jetty.handler.HandlerCollection.doStart(HandlerCollection.java:152)
	at org.mortbay.component.AbstractLifeCycle.start(AbstractLifeCycle.java:50)
	at org.mortbay.jetty.handler.HandlerWrapper.doStart(HandlerWrapper.java:130)
	at org.mortbay.jetty.Server.doStart(Server.java:224)
	at org.mortbay.component.AbstractLifeCycle.start(AbstractLifeCycle.java:50)
	at org.androidpn.server.container.AdminConsole.startup(AdminConsole.java:93)
	at org.androidpn.server.xmpp.XmppServer.start(XmppServer.java:95)
	at org.androidpn.server.xmpp.XmppServer.<init>(XmppServer.java:76)
	at sun.reflect.NativeConstructorAccessorImpl.newInstance0(Native Method)
	at sun.reflect.NativeConstructorAccessorImpl.newInstance(NativeConstructorAccessorImpl.java:39)
	at sun.reflect.DelegatingConstructorAccessorImpl.newInstance(DelegatingConstructorAccessorImpl.java:27)
	at java.lang.reflect.Constructor.newInstance(Constructor.java:513)
	at java.lang.Class.newInstance0(Class.java:355)
	at java.lang.Class.newInstance(Class.java:308)
	at org.androidpn.server.starter.ServerStarter.start(ServerStarter.java:82)
	at org.androidpn.server.starter.ServerStarter.main(ServerStarter.java:48)
{WARN } [2013-11-28 20:29:02,640] <org.mortbay.log> : failed SelectChannelConnector@10.62.1.226:7070: java.net.BindException: Cannot assign requested address: bind
{WARN } [2013-11-28 20:29:02,641] <org.mortbay.log> : failed Server@1dd7736: java.net.BindException: Cannot assign requested address: bind
{ERROR} [2013-11-28 20:29:02,644] <org.androidpn.server.container.AdminConsole> : Could not start admin conosle server
java.net.BindException: Cannot assign requested address: bind
	at sun.nio.ch.Net.bind(Native Method)
	at sun.nio.ch.ServerSocketChannelImpl.bind(ServerSocketChannelImpl.java:119)
	at sun.nio.ch.ServerSocketAdaptor.bind(ServerSocketAdaptor.java:59)
	at org.mortbay.jetty.nio.SelectChannelConnector.open(SelectChannelConnector.java:216)
	at org.mortbay.jetty.nio.SelectChannelConnector.doStart(SelectChannelConnector.java:315)
	at org.mortbay.component.AbstractLifeCycle.start(AbstractLifeCycle.java:50)
	at org.mortbay.jetty.Server.doStart(Server.java:235)
	at org.mortbay.component.AbstractLifeCycle.start(AbstractLifeCycle.java:50)
	at org.androidpn.server.container.AdminConsole.startup(AdminConsole.java:93)
	at org.androidpn.server.xmpp.XmppServer.start(XmppServer.java:95)
	at org.androidpn.server.xmpp.XmppServer.<init>(XmppServer.java:76)
	at sun.reflect.NativeConstructorAccessorImpl.newInstance0(Native Method)
	at sun.reflect.NativeConstructorAccessorImpl.newInstance(NativeConstructorAccessorImpl.java:39)
	at sun.reflect.DelegatingConstructorAccessorImpl.newInstance(DelegatingConstructorAccessorImpl.java:27)
	at java.lang.reflect.Constructor.newInstance(Constructor.java:513)
	at java.lang.Class.newInstance0(Class.java:355)
	at java.lang.Class.newInstance(Class.java:308)
	at org.androidpn.server.starter.ServerStarter.start(ServerStarter.java:82)
	at org.androidpn.server.starter.ServerStarter.main(ServerStarter.java:48)
{INFO } [2013-11-28 20:29:02,650] <org.androidpn.server.xmpp.XmppServer> : XmppServer started: 127.0.0.1
{INFO } [2013-11-28 20:29:02,650] <org.androidpn.server.xmpp.XmppServer> : Androidpn Server v0.5.0
{DEBUG} [2013-11-28 20:32:14,080] <org.androidpn.server.xmpp.XmppServer> : base.dir=..
{DEBUG} [2013-11-28 20:32:14,118] <org.apache.commons.configuration.ConfigurationUtils> : ConfigurationUtils.locate(): base is C:\Users\renlikun\Documents\GitHub\androidpn\androidpn-server-src\server\src\main\bin, name is config.xml
{DEBUG} [2013-11-28 20:32:14,125] <org.apache.commons.configuration.ConfigurationUtils> : Loading configuration from the context classpath (config.xml)
{DEBUG} [2013-11-28 20:32:14,241] <org.apache.commons.configuration.ConfigurationUtils> : ConfigurationUtils.locate(): base is C:\Users\renlikun\Documents\GitHub\androidpn\androidpn-server-src\server\src\main\bin, name is config.properties
{DEBUG} [2013-11-28 20:32:14,242] <org.apache.commons.configuration.ConfigurationUtils> : Loading configuration from the context classpath (config.properties)
{INFO } [2013-11-28 20:32:14,255] <org.androidpn.server.util.ConfigManager> : Configuration loaded: config.xml
{DEBUG} [2013-11-28 20:32:14,256] <org.androidpn.server.xmpp.XmppServer> : server.home.dir=C:\Users\renlikun\Documents\GitHub\androidpn\androidpn-server-src\server\src\main
{INFO } [2013-11-28 20:32:14,315] <org.springframework.context.support.ClassPathXmlApplicationContext> : Refreshing org.springframework.context.support.ClassPathXmlApplicationContext@1f78040: display name [org.springframework.context.support.ClassPathXmlApplicationContext@1f78040]; startup date [Thu Nov 28 20:32:14 CST 2013]; root of context hierarchy
{INFO } [2013-11-28 20:32:14,403] <org.springframework.beans.factory.xml.XmlBeanDefinitionReader> : Loading XML bean definitions from class path resource [spring-config.xml]
{INFO } [2013-11-28 20:32:14,743] <org.springframework.context.support.ClassPathXmlApplicationContext> : Bean factory for application context [org.springframework.context.support.ClassPathXmlApplicationContext@1f78040]: org.springframework.beans.factory.support.DefaultListableBeanFactory@10ffb38
{INFO } [2013-11-28 20:32:14,822] <org.springframework.beans.factory.config.PropertyPlaceholderConfigurer> : Loading properties file from class path resource [jdbc.properties]
{INFO } [2013-11-28 20:32:14,840] <org.springframework.beans.factory.support.DefaultListableBeanFactory> : Pre-instantiating singletons in org.springframework.beans.factory.support.DefaultListableBeanFactory@10ffb38: defining beans [propertyConfigurer,dataSource,sessionFactory,transactionManager,userDao,userService,org.springframework.beans.factory.config.CustomEditorConfigurer#0,xmppHandler,filterChainBuilder,ioAcceptor]; root of factory hierarchy
{INFO } [2013-11-28 20:32:14,925] <org.hibernate.cfg.annotations.Version> : Hibernate Annotations 3.4.0.GA
{INFO } [2013-11-28 20:32:14,936] <org.hibernate.cfg.Environment> : Hibernate 3.3.1.GA
{INFO } [2013-11-28 20:32:14,941] <org.hibernate.cfg.Environment> : hibernate.properties not found
{INFO } [2013-11-28 20:32:14,944] <org.hibernate.cfg.Environment> : Bytecode provider name : javassist
{INFO } [2013-11-28 20:32:14,949] <org.hibernate.cfg.Environment> : using JDK 1.4 java.sql.Timestamp handling
{INFO } [2013-11-28 20:32:15,009] <org.hibernate.annotations.common.Version> : Hibernate Commons Annotations 3.1.0.GA
{INFO } [2013-11-28 20:32:15,016] <org.hibernate.cfg.Configuration> : configuring from url: file:/C:/Users/renlikun/Documents/GitHub/androidpn/androidpn-server-src/server/src/main/conf/hibernate.cfg.xml
{INFO } [2013-11-28 20:32:15,118] <org.hibernate.cfg.Configuration> : Configured SessionFactory: null
{INFO } [2013-11-28 20:32:15,193] <org.hibernate.cfg.AnnotationBinder> : Binding entity from annotated class: org.androidpn.server.model.User
{INFO } [2013-11-28 20:32:15,229] <org.hibernate.cfg.annotations.EntityBinder> : Bind entity org.androidpn.server.model.User on table apn_user
{INFO } [2013-11-28 20:32:15,279] <org.hibernate.cfg.AnnotationConfiguration> : Hibernate Validator not found: ignoring
{INFO } [2013-11-28 20:32:15,280] <org.springframework.orm.hibernate3.annotation.AnnotationSessionFactoryBean> : Building new Hibernate SessionFactory
{INFO } [2013-11-28 20:32:15,284] <org.hibernate.cfg.search.HibernateSearchEventListenerRegister> : Unable to find org.hibernate.search.event.FullTextIndexEventListener on the classpath. Hibernate Search is not enabled.
{INFO } [2013-11-28 20:32:15,335] <org.hibernate.connection.ConnectionProviderFactory> : Initializing connection provider: org.springframework.orm.hibernate3.LocalDataSourceConnectionProvider
{INFO } [2013-11-28 20:32:15,594] <org.hibernate.cfg.SettingsFactory> : RDBMS: HSQL Database Engine, version: 1.8.0
{INFO } [2013-11-28 20:32:15,594] <org.hibernate.cfg.SettingsFactory> : JDBC driver: HSQL Database Engine Driver, version: 1.8.0
{INFO } [2013-11-28 20:32:15,610] <org.hibernate.dialect.Dialect> : Using dialect: org.hibernate.dialect.HSQLDialect
{INFO } [2013-11-28 20:32:15,616] <org.hibernate.transaction.TransactionFactoryFactory> : Transaction strategy: org.springframework.orm.hibernate3.SpringTransactionFactory
{INFO } [2013-11-28 20:32:15,617] <org.hibernate.transaction.TransactionManagerLookupFactory> : No TransactionManagerLookup configured (in JTA environment, use of read-write or transactional second-level cache is not recommended)
{INFO } [2013-11-28 20:32:15,618] <org.hibernate.cfg.SettingsFactory> : Automatic flush during beforeCompletion(): disabled
{INFO } [2013-11-28 20:32:15,619] <org.hibernate.cfg.SettingsFactory> : Automatic session close at end of transaction: disabled
{INFO } [2013-11-28 20:32:15,620] <org.hibernate.cfg.SettingsFactory> : JDBC batch size: 15
{INFO } [2013-11-28 20:32:15,621] <org.hibernate.cfg.SettingsFactory> : JDBC batch updates for versioned data: disabled
{INFO } [2013-11-28 20:32:15,622] <org.hibernate.cfg.SettingsFactory> : Scrollable result sets: enabled
{INFO } [2013-11-28 20:32:15,623] <org.hibernate.cfg.SettingsFactory> : JDBC3 getGeneratedKeys(): disabled
{INFO } [2013-11-28 20:32:15,624] <org.hibernate.cfg.SettingsFactory> : Connection release mode: auto
{INFO } [2013-11-28 20:32:15,625] <org.hibernate.cfg.SettingsFactory> : Default batch fetch size: 1
{INFO } [2013-11-28 20:32:15,626] <org.hibernate.cfg.SettingsFactory> : Generate SQL with comments: enabled
{INFO } [2013-11-28 20:32:15,627] <org.hibernate.cfg.SettingsFactory> : Order SQL updates by primary key: disabled
{INFO } [2013-11-28 20:32:15,627] <org.hibernate.cfg.SettingsFactory> : Order SQL inserts for batching: disabled
{INFO } [2013-11-28 20:32:15,628] <org.hibernate.cfg.SettingsFactory> : Query translator: org.hibernate.hql.ast.ASTQueryTranslatorFactory
{INFO } [2013-11-28 20:32:15,632] <org.hibernate.hql.ast.ASTQueryTranslatorFactory> : Using ASTQueryTranslatorFactory
{INFO } [2013-11-28 20:32:15,632] <org.hibernate.cfg.SettingsFactory> : Query language substitutions: {}
{INFO } [2013-11-28 20:32:15,633] <org.hibernate.cfg.SettingsFactory> : JPA-QL strict compliance: disabled
{INFO } [2013-11-28 20:32:15,634] <org.hibernate.cfg.SettingsFactory> : Second-level cache: enabled
{INFO } [2013-11-28 20:32:15,634] <org.hibernate.cfg.SettingsFactory> : Query cache: disabled
{INFO } [2013-11-28 20:32:15,639] <org.hibernate.cfg.SettingsFactory> : Cache region factory : org.hibernate.cache.impl.bridge.RegionFactoryCacheProviderBridge
{INFO } [2013-11-28 20:32:15,640] <org.hibernate.cache.impl.bridge.RegionFactoryCacheProviderBridge> : Cache provider: net.sf.ehcache.hibernate.EhCacheProvider
{INFO } [2013-11-28 20:32:15,645] <org.hibernate.cfg.SettingsFactory> : Optimize cache for minimal puts: disabled
{INFO } [2013-11-28 20:32:15,645] <org.hibernate.cfg.SettingsFactory> : Structured second-level cache entries: disabled
{INFO } [2013-11-28 20:32:15,652] <org.hibernate.cfg.SettingsFactory> : Statistics: disabled
{INFO } [2013-11-28 20:32:15,652] <org.hibernate.cfg.SettingsFactory> : Deleted entity synthetic identifier rollback: disabled
{INFO } [2013-11-28 20:32:15,654] <org.hibernate.cfg.SettingsFactory> : Default entity-mode: pojo
{INFO } [2013-11-28 20:32:15,654] <org.hibernate.cfg.SettingsFactory> : Named query checking : enabled
{INFO } [2013-11-28 20:32:16,202] <org.hibernate.impl.SessionFactoryImpl> : building session factory
{INFO } [2013-11-28 20:32:16,728] <org.hibernate.impl.SessionFactoryObjectFactory> : Not binding factory to JNDI, no JNDI name configured
{INFO } [2013-11-28 20:32:16,738] <org.hibernate.tool.hbm2ddl.SchemaUpdate> : Running hbm2ddl schema update
{INFO } [2013-11-28 20:32:16,738] <org.hibernate.tool.hbm2ddl.SchemaUpdate> : fetching database metadata
{INFO } [2013-11-28 20:32:16,750] <org.hibernate.tool.hbm2ddl.SchemaUpdate> : updating schema
{INFO } [2013-11-28 20:32:16,805] <org.hibernate.tool.hbm2ddl.TableMetadata> : table found: PUBLIC.APN_USER
{INFO } [2013-11-28 20:32:16,805] <org.hibernate.tool.hbm2ddl.TableMetadata> : columns: [created_date, id, username, updated_date, email, name, password]
{INFO } [2013-11-28 20:32:16,806] <org.hibernate.tool.hbm2ddl.TableMetadata> : foreign keys: []
{INFO } [2013-11-28 20:32:16,807] <org.hibernate.tool.hbm2ddl.TableMetadata> : indexes: [sys_idx_sys_ct_46_49, sys_idx_47]
{INFO } [2013-11-28 20:32:16,808] <org.hibernate.tool.hbm2ddl.SchemaUpdate> : schema update complete
{INFO } [2013-11-28 20:32:16,872] <org.springframework.orm.hibernate3.HibernateTransactionManager> : Using DataSource [org.apache.commons.dbcp.BasicDataSource@6691da] of Hibernate SessionFactory for HibernateTransactionManager
{DEBUG} [2013-11-28 20:32:17,015] <org.apache.mina.core.filterchain.DefaultIoFilterChainBuilder> : LinkedHashMap is an ordered map.
{INFO } [2013-11-28 20:32:17,208] <org.androidpn.server.xmpp.XmppServer> : Spring Configuration loaded.
{INFO } [2013-11-28 20:32:17,297] <org.mortbay.log> : Logging to org.slf4j.impl.Log4jLoggerAdapter(org.mortbay.log) via org.mortbay.log.Slf4jLog
{INFO } [2013-11-28 20:32:17,305] <org.mortbay.log> : jetty-6.1.25
{INFO } [2013-11-28 20:32:17,870] </> : Initializing Spring root WebApplicationContext
{INFO } [2013-11-28 20:32:17,871] <org.springframework.web.context.ContextLoader> : Root WebApplicationContext: initialization started
{INFO } [2013-11-28 20:32:17,889] <org.springframework.web.context.support.XmlWebApplicationContext> : Refreshing org.springframework.web.context.support.XmlWebApplicationContext@107f742: display name [Root WebApplicationContext]; startup date [Thu Nov 28 20:32:17 CST 2013]; root of context hierarchy
{INFO } [2013-11-28 20:32:17,895] <org.springframework.beans.factory.xml.XmlBeanDefinitionReader> : Loading XML bean definitions from ServletContext resource [/WEB-INF/applicationContext.xml]
{INFO } [2013-11-28 20:32:17,935] <org.springframework.web.context.support.XmlWebApplicationContext> : Bean factory for application context [org.springframework.web.context.support.XmlWebApplicationContext@107f742]: org.springframework.beans.factory.support.DefaultListableBeanFactory@1b9d4d8
{INFO } [2013-11-28 20:32:17,947] <org.springframework.beans.factory.support.DefaultListableBeanFactory> : Pre-instantiating singletons in org.springframework.beans.factory.support.DefaultListableBeanFactory@1b9d4d8: defining beans []; root of factory hierarchy
{INFO } [2013-11-28 20:32:17,949] <org.springframework.web.context.ContextLoader> : Root WebApplicationContext: initialization completed in 78 ms
{INFO } [2013-11-28 20:32:18,169] </> : Initializing Spring FrameworkServlet 'dispatcher'
{INFO } [2013-11-28 20:32:18,170] <org.springframework.web.servlet.DispatcherServlet> : FrameworkServlet 'dispatcher': initialization started
{INFO } [2013-11-28 20:32:18,172] <org.springframework.web.context.support.XmlWebApplicationContext> : Refreshing org.springframework.web.context.support.XmlWebApplicationContext@122cc7e: display name [WebApplicationContext for namespace 'dispatcher-servlet']; startup date [Thu Nov 28 20:32:18 CST 2013]; parent: org.springframework.web.context.support.XmlWebApplicationContext@107f742
{INFO } [2013-11-28 20:32:18,174] <org.springframework.beans.factory.xml.XmlBeanDefinitionReader> : Loading XML bean definitions from ServletContext resource [/WEB-INF/dispatcher-servlet.xml]
{INFO } [2013-11-28 20:32:18,227] <org.springframework.web.context.support.XmlWebApplicationContext> : Bean factory for application context [org.springframework.web.context.support.XmlWebApplicationContext@122cc7e]: org.springframework.beans.factory.support.DefaultListableBeanFactory@1949f78
{INFO } [2013-11-28 20:32:18,365] <org.springframework.beans.factory.support.DefaultListableBeanFactory> : Pre-instantiating singletons in org.springframework.beans.factory.support.DefaultListableBeanFactory@1949f78: defining beans [urlMapping,userapiController,notificationapiController,filenameController,userController,sessionController,notificationController,paramResolver,viewResolver,messageSource]; parent: org.springframework.beans.factory.support.DefaultListableBeanFactory@1b9d4d8
{DEBUG} [2013-11-28 20:32:18,399] <org.androidpn.server.console.api.NotificationApiController> : Found action method [public org.springframework.web.servlet.ModelAndView org.androidpn.server.console.api.NotificationApiController.list(javax.servlet.http.HttpServletRequest,javax.servlet.http.HttpServletResponse) throws java.lang.Exception]
{DEBUG} [2013-11-28 20:32:18,400] <org.androidpn.server.console.api.NotificationApiController> : Found action method [public void org.androidpn.server.console.api.NotificationApiController.send(javax.servlet.http.HttpServletRequest,javax.servlet.http.HttpServletResponse) throws java.lang.Exception]
{DEBUG} [2013-11-28 20:32:18,449] <org.androidpn.server.console.controller.NotificationController> : Found action method [public org.springframework.web.servlet.ModelAndView org.androidpn.server.console.controller.NotificationController.list(javax.servlet.http.HttpServletRequest,javax.servlet.http.HttpServletResponse) throws java.lang.Exception]
{DEBUG} [2013-11-28 20:32:18,450] <org.androidpn.server.console.controller.NotificationController> : Found action method [public org.springframework.web.servlet.ModelAndView org.androidpn.server.console.controller.NotificationController.send(javax.servlet.http.HttpServletRequest,javax.servlet.http.HttpServletResponse) throws java.lang.Exception]
{DEBUG} [2013-11-28 20:32:18,459] <org.androidpn.server.console.controller.UserController> : Found action method [public org.springframework.web.servlet.ModelAndView org.androidpn.server.console.controller.UserController.list(javax.servlet.http.HttpServletRequest,javax.servlet.http.HttpServletResponse) throws java.lang.Exception]
{DEBUG} [2013-11-28 20:32:18,469] <org.androidpn.server.console.api.UserApiController> : Found action method [public void org.androidpn.server.console.api.UserApiController.list(javax.servlet.http.HttpServletRequest,javax.servlet.http.HttpServletResponse) throws java.lang.Exception]
{DEBUG} [2013-11-28 20:32:18,477] <org.androidpn.server.console.controller.SessionController> : Found action method [public org.springframework.web.servlet.ModelAndView org.androidpn.server.console.controller.SessionController.list(javax.servlet.http.HttpServletRequest,javax.servlet.http.HttpServletResponse) throws java.lang.Exception]
{INFO } [2013-11-28 20:32:18,544] <org.springframework.web.servlet.DispatcherServlet> : FrameworkServlet 'dispatcher': initialization completed in 373 ms
{WARN } [2013-11-28 20:32:18,553] <org.mortbay.log> : failed SelectChannelConnector@10.62.1.226:7070: java.net.BindException: Cannot assign requested address: bind
{WARN } [2013-11-28 20:32:18,553] <org.mortbay.log> : failed Server@8fa0d1: java.net.BindException: Cannot assign requested address: bind
{ERROR} [2013-11-28 20:32:18,556] <org.androidpn.server.container.AdminConsole> : Could not start admin conosle server
java.net.BindException: Cannot assign requested address: bind
	at sun.nio.ch.Net.bind(Native Method)
	at sun.nio.ch.ServerSocketChannelImpl.bind(ServerSocketChannelImpl.java:119)
	at sun.nio.ch.ServerSocketAdaptor.bind(ServerSocketAdaptor.java:59)
	at org.mortbay.jetty.nio.SelectChannelConnector.open(SelectChannelConnector.java:216)
	at org.mortbay.jetty.nio.SelectChannelConnector.doStart(SelectChannelConnector.java:315)
	at org.mortbay.component.AbstractLifeCycle.start(AbstractLifeCycle.java:50)
	at org.mortbay.jetty.Server.doStart(Server.java:235)
	at org.mortbay.component.AbstractLifeCycle.start(AbstractLifeCycle.java:50)
	at org.androidpn.server.container.AdminConsole.startup(AdminConsole.java:93)
	at org.androidpn.server.xmpp.XmppServer.start(XmppServer.java:95)
	at org.androidpn.server.xmpp.XmppServer.<init>(XmppServer.java:76)
	at sun.reflect.NativeConstructorAccessorImpl.newInstance0(Native Method)
	at sun.reflect.NativeConstructorAccessorImpl.newInstance(NativeConstructorAccessorImpl.java:39)
	at sun.reflect.DelegatingConstructorAccessorImpl.newInstance(DelegatingConstructorAccessorImpl.java:27)
	at java.lang.reflect.Constructor.newInstance(Constructor.java:513)
	at java.lang.Class.newInstance0(Class.java:355)
	at java.lang.Class.newInstance(Class.java:308)
	at org.androidpn.server.starter.ServerStarter.start(ServerStarter.java:82)
	at org.androidpn.server.starter.ServerStarter.main(ServerStarter.java:48)
{INFO } [2013-11-28 20:32:18,559] <org.androidpn.server.xmpp.XmppServer> : XmppServer started: 127.0.0.1
{INFO } [2013-11-28 20:32:18,560] <org.androidpn.server.xmpp.XmppServer> : Androidpn Server v0.5.0
{DEBUG} [2013-11-28 21:35:00,777] <org.androidpn.server.xmpp.XmppServer> : base.dir=..
{DEBUG} [2013-11-28 21:35:02,060] <org.apache.commons.configuration.ConfigurationUtils> : ConfigurationUtils.locate(): base is C:\Users\renlikun\Documents\GitHub\androidpn\androidpn-server-src\server\src\main\bin, name is config.xml
{DEBUG} [2013-11-28 21:35:02,111] <org.apache.commons.configuration.ConfigurationUtils> : Loading configuration from the context classpath (config.xml)
{DEBUG} [2013-11-28 21:35:04,130] <org.apache.commons.configuration.ConfigurationUtils> : ConfigurationUtils.locate(): base is C:\Users\renlikun\Documents\GitHub\androidpn\androidpn-server-src\server\src\main\bin, name is config.properties
{DEBUG} [2013-11-28 21:35:04,132] <org.apache.commons.configuration.ConfigurationUtils> : Loading configuration from the context classpath (config.properties)
{INFO } [2013-11-28 21:35:04,209] <org.androidpn.server.util.ConfigManager> : Configuration loaded: config.xml
{DEBUG} [2013-11-28 21:35:04,210] <org.androidpn.server.xmpp.XmppServer> : server.home.dir=C:\Users\renlikun\Documents\GitHub\androidpn\androidpn-server-src\server\src\main
{INFO } [2013-11-28 21:35:04,454] <org.springframework.context.support.ClassPathXmlApplicationContext> : Refreshing org.springframework.context.support.ClassPathXmlApplicationContext@1703ff1: display name [org.springframework.context.support.ClassPathXmlApplicationContext@1703ff1]; startup date [Thu Nov 28 21:35:04 CST 2013]; root of context hierarchy
{INFO } [2013-11-28 21:35:04,694] <org.springframework.beans.factory.xml.XmlBeanDefinitionReader> : Loading XML bean definitions from class path resource [spring-config.xml]
{INFO } [2013-11-28 21:35:05,213] <org.springframework.context.support.ClassPathXmlApplicationContext> : Bean factory for application context [org.springframework.context.support.ClassPathXmlApplicationContext@1703ff1]: org.springframework.beans.factory.support.DefaultListableBeanFactory@2405ac
{INFO } [2013-11-28 21:35:05,451] <org.springframework.beans.factory.config.PropertyPlaceholderConfigurer> : Loading properties file from class path resource [jdbc.properties]
{INFO } [2013-11-28 21:35:05,485] <org.springframework.beans.factory.support.DefaultListableBeanFactory> : Pre-instantiating singletons in org.springframework.beans.factory.support.DefaultListableBeanFactory@2405ac: defining beans [propertyConfigurer,dataSource,sessionFactory,transactionManager,userDao,userService,org.springframework.beans.factory.config.CustomEditorConfigurer#0,xmppHandler,filterChainBuilder,ioAcceptor]; root of factory hierarchy
{INFO } [2013-11-28 21:35:05,873] <org.hibernate.cfg.annotations.Version> : Hibernate Annotations 3.4.0.GA
{INFO } [2013-11-28 21:35:05,914] <org.hibernate.cfg.Environment> : Hibernate 3.3.1.GA
{INFO } [2013-11-28 21:35:05,928] <org.hibernate.cfg.Environment> : hibernate.properties not found
{INFO } [2013-11-28 21:35:05,933] <org.hibernate.cfg.Environment> : Bytecode provider name : javassist
{INFO } [2013-11-28 21:35:05,938] <org.hibernate.cfg.Environment> : using JDK 1.4 java.sql.Timestamp handling
{INFO } [2013-11-28 21:35:06,042] <org.hibernate.annotations.common.Version> : Hibernate Commons Annotations 3.1.0.GA
{INFO } [2013-11-28 21:35:06,076] <org.hibernate.cfg.Configuration> : configuring from url: file:/C:/Users/renlikun/Documents/GitHub/androidpn/androidpn-server-src/server/src/main/conf/hibernate.cfg.xml
{INFO } [2013-11-28 21:35:06,233] <org.hibernate.cfg.Configuration> : Configured SessionFactory: null
{INFO } [2013-11-28 21:35:06,417] <org.hibernate.cfg.AnnotationBinder> : Binding entity from annotated class: org.androidpn.server.model.User
{INFO } [2013-11-28 21:35:06,462] <org.hibernate.cfg.annotations.EntityBinder> : Bind entity org.androidpn.server.model.User on table apn_user
{INFO } [2013-11-28 21:35:06,544] <org.hibernate.cfg.AnnotationConfiguration> : Hibernate Validator not found: ignoring
{INFO } [2013-11-28 21:35:06,544] <org.springframework.orm.hibernate3.annotation.AnnotationSessionFactoryBean> : Building new Hibernate SessionFactory
{INFO } [2013-11-28 21:35:06,550] <org.hibernate.cfg.search.HibernateSearchEventListenerRegister> : Unable to find org.hibernate.search.event.FullTextIndexEventListener on the classpath. Hibernate Search is not enabled.
{INFO } [2013-11-28 21:35:07,507] <org.hibernate.connection.ConnectionProviderFactory> : Initializing connection provider: org.springframework.orm.hibernate3.LocalDataSourceConnectionProvider
{INFO } [2013-11-28 21:35:10,776] <org.hibernate.cfg.SettingsFactory> : RDBMS: HSQL Database Engine, version: 1.8.0
{INFO } [2013-11-28 21:35:10,777] <org.hibernate.cfg.SettingsFactory> : JDBC driver: HSQL Database Engine Driver, version: 1.8.0
{INFO } [2013-11-28 21:35:11,296] <org.hibernate.dialect.Dialect> : Using dialect: org.hibernate.dialect.HSQLDialect
{INFO } [2013-11-28 21:35:11,398] <org.hibernate.transaction.TransactionFactoryFactory> : Transaction strategy: org.springframework.orm.hibernate3.SpringTransactionFactory
{INFO } [2013-11-28 21:35:11,400] <org.hibernate.transaction.TransactionManagerLookupFactory> : No TransactionManagerLookup configured (in JTA environment, use of read-write or transactional second-level cache is not recommended)
{INFO } [2013-11-28 21:35:11,400] <org.hibernate.cfg.SettingsFactory> : Automatic flush during beforeCompletion(): disabled
{INFO } [2013-11-28 21:35:11,401] <org.hibernate.cfg.SettingsFactory> : Automatic session close at end of transaction: disabled
{INFO } [2013-11-28 21:35:11,403] <org.hibernate.cfg.SettingsFactory> : JDBC batch size: 15
{INFO } [2013-11-28 21:35:11,403] <org.hibernate.cfg.SettingsFactory> : JDBC batch updates for versioned data: disabled
{INFO } [2013-11-28 21:35:11,421] <org.hibernate.cfg.SettingsFactory> : Scrollable result sets: enabled
{INFO } [2013-11-28 21:35:11,422] <org.hibernate.cfg.SettingsFactory> : JDBC3 getGeneratedKeys(): disabled
{INFO } [2013-11-28 21:35:11,423] <org.hibernate.cfg.SettingsFactory> : Connection release mode: auto
{INFO } [2013-11-28 21:35:11,425] <org.hibernate.cfg.SettingsFactory> : Default batch fetch size: 1
{INFO } [2013-11-28 21:35:11,426] <org.hibernate.cfg.SettingsFactory> : Generate SQL with comments: enabled
{INFO } [2013-11-28 21:35:11,426] <org.hibernate.cfg.SettingsFactory> : Order SQL updates by primary key: disabled
{INFO } [2013-11-28 21:35:11,427] <org.hibernate.cfg.SettingsFactory> : Order SQL inserts for batching: disabled
{INFO } [2013-11-28 21:35:11,428] <org.hibernate.cfg.SettingsFactory> : Query translator: org.hibernate.hql.ast.ASTQueryTranslatorFactory
{INFO } [2013-11-28 21:35:11,517] <org.hibernate.hql.ast.ASTQueryTranslatorFactory> : Using ASTQueryTranslatorFactory
{INFO } [2013-11-28 21:35:11,518] <org.hibernate.cfg.SettingsFactory> : Query language substitutions: {}
{INFO } [2013-11-28 21:35:11,519] <org.hibernate.cfg.SettingsFactory> : JPA-QL strict compliance: disabled
{INFO } [2013-11-28 21:35:11,520] <org.hibernate.cfg.SettingsFactory> : Second-level cache: enabled
{INFO } [2013-11-28 21:35:11,520] <org.hibernate.cfg.SettingsFactory> : Query cache: disabled
{INFO } [2013-11-28 21:35:11,601] <org.hibernate.cfg.SettingsFactory> : Cache region factory : org.hibernate.cache.impl.bridge.RegionFactoryCacheProviderBridge
{INFO } [2013-11-28 21:35:11,602] <org.hibernate.cache.impl.bridge.RegionFactoryCacheProviderBridge> : Cache provider: net.sf.ehcache.hibernate.EhCacheProvider
{INFO } [2013-11-28 21:35:11,662] <org.hibernate.cfg.SettingsFactory> : Optimize cache for minimal puts: disabled
{INFO } [2013-11-28 21:35:11,663] <org.hibernate.cfg.SettingsFactory> : Structured second-level cache entries: disabled
{INFO } [2013-11-28 21:35:11,699] <org.hibernate.cfg.SettingsFactory> : Statistics: disabled
{INFO } [2013-11-28 21:35:11,700] <org.hibernate.cfg.SettingsFactory> : Deleted entity synthetic identifier rollback: disabled
{INFO } [2013-11-28 21:35:11,702] <org.hibernate.cfg.SettingsFactory> : Default entity-mode: pojo
{INFO } [2013-11-28 21:35:11,703] <org.hibernate.cfg.SettingsFactory> : Named query checking : enabled
{INFO } [2013-11-28 21:35:12,463] <org.hibernate.impl.SessionFactoryImpl> : building session factory
{INFO } [2013-11-28 21:35:16,520] <org.hibernate.impl.SessionFactoryObjectFactory> : Not binding factory to JNDI, no JNDI name configured
{INFO } [2013-11-28 21:35:16,546] <org.hibernate.tool.hbm2ddl.SchemaUpdate> : Running hbm2ddl schema update
{INFO } [2013-11-28 21:35:16,546] <org.hibernate.tool.hbm2ddl.SchemaUpdate> : fetching database metadata
{INFO } [2013-11-28 21:35:16,651] <org.hibernate.tool.hbm2ddl.SchemaUpdate> : updating schema
{INFO } [2013-11-28 21:35:16,739] <org.hibernate.tool.hbm2ddl.TableMetadata> : table found: PUBLIC.APN_USER
{INFO } [2013-11-28 21:35:16,739] <org.hibernate.tool.hbm2ddl.TableMetadata> : columns: [created_date, id, username, updated_date, email, name, password]
{INFO } [2013-11-28 21:35:16,740] <org.hibernate.tool.hbm2ddl.TableMetadata> : foreign keys: []
{INFO } [2013-11-28 21:35:16,741] <org.hibernate.tool.hbm2ddl.TableMetadata> : indexes: [sys_idx_sys_ct_46_49, sys_idx_47]
{INFO } [2013-11-28 21:35:16,742] <org.hibernate.tool.hbm2ddl.SchemaUpdate> : schema update complete
{INFO } [2013-11-28 21:35:17,019] <org.springframework.orm.hibernate3.HibernateTransactionManager> : Using DataSource [org.apache.commons.dbcp.BasicDataSource@e903cb] of Hibernate SessionFactory for HibernateTransactionManager
{DEBUG} [2013-11-28 21:35:18,228] <org.apache.mina.core.filterchain.DefaultIoFilterChainBuilder> : LinkedHashMap is an ordered map.
{INFO } [2013-11-28 21:35:18,468] <org.androidpn.server.xmpp.XmppServer> : Spring Configuration loaded.
{INFO } [2013-11-28 21:35:20,957] <org.mortbay.log> : Logging to org.slf4j.impl.Log4jLoggerAdapter(org.mortbay.log) via org.mortbay.log.Slf4jLog
{INFO } [2013-11-28 21:35:21,054] <org.mortbay.log> : jetty-6.1.25
{INFO } [2013-11-28 21:35:22,549] </> : Initializing Spring root WebApplicationContext
{INFO } [2013-11-28 21:35:22,550] <org.springframework.web.context.ContextLoader> : Root WebApplicationContext: initialization started
{INFO } [2013-11-28 21:35:22,647] <org.springframework.web.context.support.XmlWebApplicationContext> : Refreshing org.springframework.web.context.support.XmlWebApplicationContext@281a86: display name [Root WebApplicationContext]; startup date [Thu Nov 28 21:35:22 CST 2013]; root of context hierarchy
{INFO } [2013-11-28 21:35:22,692] <org.springframework.beans.factory.xml.XmlBeanDefinitionReader> : Loading XML bean definitions from ServletContext resource [/WEB-INF/applicationContext.xml]
{INFO } [2013-11-28 21:35:22,759] <org.springframework.web.context.support.XmlWebApplicationContext> : Bean factory for application context [org.springframework.web.context.support.XmlWebApplicationContext@281a86]: org.springframework.beans.factory.support.DefaultListableBeanFactory@535281
{INFO } [2013-11-28 21:35:22,904] <org.springframework.beans.factory.support.DefaultListableBeanFactory> : Pre-instantiating singletons in org.springframework.beans.factory.support.DefaultListableBeanFactory@535281: defining beans []; root of factory hierarchy
{INFO } [2013-11-28 21:35:22,904] <org.springframework.web.context.ContextLoader> : Root WebApplicationContext: initialization completed in 353 ms
{INFO } [2013-11-28 21:35:24,016] </> : Initializing Spring FrameworkServlet 'dispatcher'
{INFO } [2013-11-28 21:35:24,017] <org.springframework.web.servlet.DispatcherServlet> : FrameworkServlet 'dispatcher': initialization started
{INFO } [2013-11-28 21:35:24,019] <org.springframework.web.context.support.XmlWebApplicationContext> : Refreshing org.springframework.web.context.support.XmlWebApplicationContext@1b59a48: display name [WebApplicationContext for namespace 'dispatcher-servlet']; startup date [Thu Nov 28 21:35:24 CST 2013]; parent: org.springframework.web.context.support.XmlWebApplicationContext@281a86
{INFO } [2013-11-28 21:35:24,021] <org.springframework.beans.factory.xml.XmlBeanDefinitionReader> : Loading XML bean definitions from ServletContext resource [/WEB-INF/dispatcher-servlet.xml]
{INFO } [2013-11-28 21:35:24,074] <org.springframework.web.context.support.XmlWebApplicationContext> : Bean factory for application context [org.springframework.web.context.support.XmlWebApplicationContext@1b59a48]: org.springframework.beans.factory.support.DefaultListableBeanFactory@1d8eb0
{INFO } [2013-11-28 21:35:24,859] <org.springframework.beans.factory.support.DefaultListableBeanFactory> : Pre-instantiating singletons in org.springframework.beans.factory.support.DefaultListableBeanFactory@1d8eb0: defining beans [urlMapping,userapiController,notificationapiController,filenameController,userController,sessionController,notificationController,paramResolver,viewResolver,messageSource]; parent: org.springframework.beans.factory.support.DefaultListableBeanFactory@535281
{DEBUG} [2013-11-28 21:35:25,063] <org.androidpn.server.console.api.NotificationApiController> : Found action method [public org.springframework.web.servlet.ModelAndView org.androidpn.server.console.api.NotificationApiController.list(javax.servlet.http.HttpServletRequest,javax.servlet.http.HttpServletResponse) throws java.lang.Exception]
{DEBUG} [2013-11-28 21:35:25,064] <org.androidpn.server.console.api.NotificationApiController> : Found action method [public void org.androidpn.server.console.api.NotificationApiController.send(javax.servlet.http.HttpServletRequest,javax.servlet.http.HttpServletResponse) throws java.lang.Exception]
{DEBUG} [2013-11-28 21:35:25,289] <org.androidpn.server.console.controller.NotificationController> : Found action method [public org.springframework.web.servlet.ModelAndView org.androidpn.server.console.controller.NotificationController.list(javax.servlet.http.HttpServletRequest,javax.servlet.http.HttpServletResponse) throws java.lang.Exception]
{DEBUG} [2013-11-28 21:35:25,290] <org.androidpn.server.console.controller.NotificationController> : Found action method [public org.springframework.web.servlet.ModelAndView org.androidpn.server.console.controller.NotificationController.send(javax.servlet.http.HttpServletRequest,javax.servlet.http.HttpServletResponse) throws java.lang.Exception]
{DEBUG} [2013-11-28 21:35:25,309] <org.androidpn.server.console.controller.UserController> : Found action method [public org.springframework.web.servlet.ModelAndView org.androidpn.server.console.controller.UserController.list(javax.servlet.http.HttpServletRequest,javax.servlet.http.HttpServletResponse) throws java.lang.Exception]
{DEBUG} [2013-11-28 21:35:25,325] <org.androidpn.server.console.api.UserApiController> : Found action method [public void org.androidpn.server.console.api.UserApiController.list(javax.servlet.http.HttpServletRequest,javax.servlet.http.HttpServletResponse) throws java.lang.Exception]
{DEBUG} [2013-11-28 21:35:25,339] <org.androidpn.server.console.controller.SessionController> : Found action method [public org.springframework.web.servlet.ModelAndView org.androidpn.server.console.controller.SessionController.list(javax.servlet.http.HttpServletRequest,javax.servlet.http.HttpServletResponse) throws java.lang.Exception]
{INFO } [2013-11-28 21:35:25,951] <org.springframework.web.servlet.DispatcherServlet> : FrameworkServlet 'dispatcher': initialization completed in 1933 ms
{INFO } [2013-11-28 21:35:26,023] <org.mortbay.log> : Started SelectChannelConnector@127.0.0.1:7070
{DEBUG} [2013-11-28 21:35:26,024] <org.androidpn.server.container.AdminConsole> : Admin console started.
{INFO } [2013-11-28 21:35:26,024] <org.androidpn.server.xmpp.XmppServer> : Admin console listening at http://127.0.0.1:7070
{INFO } [2013-11-28 21:35:26,025] <org.androidpn.server.xmpp.XmppServer> : XmppServer started: 127.0.0.1
{INFO } [2013-11-28 21:35:26,026] <org.androidpn.server.xmpp.XmppServer> : Androidpn Server v0.5.0
